<?xml version="1.0" encoding="UTF-8"?>
<!-- Generated by org.testng.reporters.JUnitXMLReporter -->
<testsuite ignored="0" hostname="Shuvro" failures="1" tests="12" name="Letskodeit Home" time="160.914" errors="0" timestamp="2020-02-20T20:28:43 EST">
  <testcase classname="testhomepage.TestHomepage" name="testPracticeButton" time="2.146"/>
  <testcase classname="testhomepage.TestHomepage" name="testSelectClassBar" time="3.163"/>
  <testcase classname="testhomepage.TestHomepage" name="clickOnRadioButton" time="4.202"/>
  <testcase classname="testhomepage.TestHomepage" name="clickOnSelectButton" time="5.719"/>
  <testcase classname="testhomepage.TestHomepage" name="clickOnSelectMultiButton" time="5.474"/>
  <testcase classname="testhomepage.TestHomepage" name="clickOnCheckButton" time="5.461"/>
  <testcase classname="testhomepage.TestHomepage" name="newWindowOpen" time="6.473"/>
  <testcase classname="testhomepage.TestHomepage" name="newWindowOpen1" time="7.309"/>
  <testcase classname="testhomepage.TestHomepage" name="alertHandleAccept" time="4.177"/>
  <testcase classname="testhomepage.TestHomepage" name="alertHandleCancle" time="4.265"/>
  <testcase classname="testhomepage.TestHomepage" name="getTable" time="4.15"/>
  <testcase classname="testhomepage.TestHomepage" name="testiFrame" time="10.087">
    <failure type="org.openqa.selenium.NoSuchElementException" message="no such element: Unable to locate element: {&amp;quot;method&amp;quot;:&amp;quot;css selector&amp;quot;,&amp;quot;selector&amp;quot;:&amp;quot;*[name=&amp;apos;iframe-name&amp;apos;]&amp;quot;}
  (Session info: chrome=80.0.3987.87)
For documentation on this error, please visit: https://www.seleniumhq.org/exceptions/no_such_element.html
Build info: version: &amp;apos;3.141.59&amp;apos;, revision: &amp;apos;e82be7d358&amp;apos;, time: &amp;apos;2018-11-14T08:17:03&amp;apos;
System info: host: &amp;apos;SHUVRO&amp;apos;, ip: &amp;apos;10.11.11.164&amp;apos;, os.name: &amp;apos;Windows 10&amp;apos;, os.arch: &amp;apos;amd64&amp;apos;, os.version: &amp;apos;10.0&amp;apos;, java.version: &amp;apos;13.0.1&amp;apos;
Driver info: org.openqa.selenium.chrome.ChromeDriver
Capabilities {acceptInsecureCerts: false, browserName: chrome, browserVersion: 80.0.3987.87, chrome: {chromedriverVersion: 79.0.3945.36 (3582db32b3389..., userDataDir: C:\Users\mdshu\AppData\Loca...}, goog:chromeOptions: {debuggerAddress: localhost:59121}, javascriptEnabled: true, networkConnectionEnabled: false, pageLoadStrategy: normal, platform: WINDOWS, platformName: WINDOWS, proxy: Proxy(), setWindowRect: true, strictFileInteractability: false, timeouts: {implicit: 0, pageLoad: 300000, script: 30000}, unhandledPromptBehavior: dismiss and notify}
Session ID: 828c5e4cddd5b28befc024f76fc2d8f3
*** Element info: {Using=name, value=iframe-name}">
      <![CDATA[org.openqa.selenium.NoSuchElementException: no such element: Unable to locate element: {"method":"css selector","selector":"*[name='iframe-name']"}
  (Session info: chrome=80.0.3987.87)
For documentation on this error, please visit: https://www.seleniumhq.org/exceptions/no_such_element.html
Build info: version: '3.141.59', revision: 'e82be7d358', time: '2018-11-14T08:17:03'
System info: host: 'SHUVRO', ip: '10.11.11.164', os.name: 'Windows 10', os.arch: 'amd64', os.version: '10.0', java.version: '13.0.1'
Driver info: org.openqa.selenium.chrome.ChromeDriver
Capabilities {acceptInsecureCerts: false, browserName: chrome, browserVersion: 80.0.3987.87, chrome: {chromedriverVersion: 79.0.3945.36 (3582db32b3389..., userDataDir: C:\Users\mdshu\AppData\Loca...}, goog:chromeOptions: {debuggerAddress: localhost:59121}, javascriptEnabled: true, networkConnectionEnabled: false, pageLoadStrategy: normal, platform: WINDOWS, platformName: WINDOWS, proxy: Proxy(), setWindowRect: true, strictFileInteractability: false, timeouts: {implicit: 0, pageLoad: 300000, script: 30000}, unhandledPromptBehavior: dismiss and notify}
Session ID: 828c5e4cddd5b28befc024f76fc2d8f3
*** Element info: {Using=name, value=iframe-name}
at org.openqa.selenium.remote.http.W3CHttpResponseCodec.createException(W3CHttpResponseCodec.java:187)
at org.openqa.selenium.remote.http.W3CHttpResponseCodec.decode(W3CHttpResponseCodec.java:122)
at org.openqa.selenium.remote.http.W3CHttpResponseCodec.decode(W3CHttpResponseCodec.java:49)
at org.openqa.selenium.remote.HttpCommandExecutor.execute(HttpCommandExecutor.java:158)
at org.openqa.selenium.remote.service.DriverCommandExecutor.execute(DriverCommandExecutor.java:83)
at org.openqa.selenium.remote.RemoteWebDriver.execute(RemoteWebDriver.java:552)
at org.openqa.selenium.remote.RemoteWebDriver.findElement(RemoteWebDriver.java:323)
at org.openqa.selenium.remote.RemoteWebDriver.findElementByName(RemoteWebDriver.java:404)
at org.openqa.selenium.By$ByName.findElement(By.java:284)
at org.openqa.selenium.remote.RemoteWebDriver.findElement(RemoteWebDriver.java:315)
at org.openqa.selenium.support.pagefactory.DefaultElementLocator.findElement(DefaultElementLocator.java:69)
at org.openqa.selenium.support.pagefactory.internal.LocatingElementHandler.invoke(LocatingElementHandler.java:38)
at com.sun.proxy.$Proxy13.getWrappedElement(Unknown Source)
at org.openqa.selenium.remote.internal.WebElementToJsonConverter.apply(WebElementToJsonConverter.java:50)
at org.openqa.selenium.remote.RemoteWebDriver$RemoteTargetLocator.frame(RemoteWebDriver.java:891)
at common.WebAPI.iframeHandle(WebAPI.java:464)
at testhomepage.TestHomepage.testiFrame(TestHomepage.java:123)
at java.base/java.util.ArrayList.forEach(ArrayList.java:1507)
... Removed 41 stack frames]]>
    </failure>
  </testcase> <!-- testiFrame -->
</testsuite> <!-- Letskodeit Home -->
